\BOOKMARK [1][]{section.2}{Introduction}{}% 1
\BOOKMARK [1][]{section.4}{Literature Review}{}% 2
\BOOKMARK [2][]{subsection.5}{Information visualization and cognition}{section.4}% 3
\BOOKMARK [1][]{section.6}{Design}{}% 4
\BOOKMARK [2][]{subsection.9}{Background}{section.6}% 5
\BOOKMARK [3][-]{subsubsection.10}{Methodology}{subsection.9}% 6
\BOOKMARK [3][-]{subsubsection.11}{Problem Space}{subsection.9}% 7
\BOOKMARK [3][-]{subsubsection.15}{Option Space}{subsection.9}% 8
\BOOKMARK [3][-]{subsubsection.17}{Data}{subsection.9}% 9
\BOOKMARK [2][]{subsection.19}{Versions}{section.6}% 10
\BOOKMARK [2][]{subsection.20}{Layout}{section.6}% 11
\BOOKMARK [3][-]{subsubsection.21}{Structure}{subsection.20}% 12
\BOOKMARK [3][-]{subsubsection.23}{Navigation}{subsection.20}% 13
\BOOKMARK [2][]{subsection.24}{Views}{section.6}% 14
\BOOKMARK [3][-]{subsubsection.25}{Organizational}{subsection.24}% 15
\BOOKMARK [3][-]{subsubsection.31}{Process}{subsection.24}% 16
\BOOKMARK [3][-]{subsubsection.32}{Redundancy}{subsection.24}% 17
\BOOKMARK [1][]{section.34}{Implementation}{}% 18
\BOOKMARK [2][]{subsection.35}{Data}{section.34}% 19
\BOOKMARK [3][-]{subsubsection.36}{Data Preparation}{subsection.35}% 20
\BOOKMARK [2][]{subsection.37}{Organizational}{section.34}% 21
\BOOKMARK [2][]{subsection.38}{Process}{section.34}% 22
\BOOKMARK [2][]{subsection.39}{Redundancy}{section.34}% 23
\BOOKMARK [2][]{subsection.40}{Other Implementation Choices}{section.34}% 24
\BOOKMARK [1][]{section.41}{Evaluation and Discussion}{}% 25
\BOOKMARK [2][]{subsection.42}{Use Case Walkthrough}{section.41}% 26
\BOOKMARK [3][-]{subsubsection.46}{Finding the Gap}{subsection.42}% 27
\BOOKMARK [3][-]{subsubsection.47}{Size of the Gap}{subsection.42}% 28
\BOOKMARK [3][-]{subsubsection.48}{Filling the Gap}{subsection.42}% 29
\BOOKMARK [3][-]{subsubsection.49}{Result}{subsection.42}% 30
\BOOKMARK [2][]{subsection.50}{Organizational Models}{section.41}% 31
\BOOKMARK [1][]{section.51}{Future Work}{}% 32
\BOOKMARK [2][]{subsection.52}{Value Model}{section.51}% 33
\BOOKMARK [2][]{subsection.53}{Performance}{section.51}% 34
\BOOKMARK [2][]{subsection.54}{Data}{section.51}% 35
\BOOKMARK [2][]{subsection.55}{Views}{section.51}% 36
\BOOKMARK [2][]{subsection.56}{Documentation}{section.51}% 37
\BOOKMARK [1][]{section.57}{Conclusions}{}% 38
\BOOKMARK [1][]{section.58}{Acknowledgments}{}% 39
